mode: atomic
homework/internal/adapters/hashmap/hash.go:16.31,21.2 1 9
homework/internal/adapters/hashmap/hash.go:23.63,27.42 3 2
homework/internal/adapters/hashmap/hash.go:27.42,29.3 1 1
homework/internal/adapters/hashmap/hash.go:31.2,31.36 1 1
homework/internal/adapters/hashmap/hash.go:34.53,38.48 3 2
homework/internal/adapters/hashmap/hash.go:38.48,40.3 1 1
homework/internal/adapters/hashmap/hash.go:42.2,44.12 2 1
homework/internal/adapters/hashmap/hash.go:47.47,51.42 3 2
homework/internal/adapters/hashmap/hash.go:51.42,53.3 1 1
homework/internal/adapters/hashmap/hash.go:55.2,57.12 2 1
homework/internal/adapters/hashmap/hash.go:60.53,64.49 3 2
homework/internal/adapters/hashmap/hash.go:64.49,66.3 1 1
homework/internal/adapters/hashmap/hash.go:68.2,70.12 2 1
homework/internal/ports/http/handlers.go:13.72,17.16 3 4
homework/internal/ports/http/handlers.go:17.16,20.3 2 0
homework/internal/ports/http/handlers.go:22.2,24.16 3 4
homework/internal/ports/http/handlers.go:24.16,27.3 2 2
homework/internal/ports/http/handlers.go:29.2,30.16 2 2
homework/internal/ports/http/handlers.go:30.16,33.3 2 1
homework/internal/ports/http/handlers.go:35.2,35.30 1 1
homework/internal/ports/http/handlers.go:38.69,42.18 3 2
homework/internal/ports/http/handlers.go:42.18,45.3 2 0
homework/internal/ports/http/handlers.go:47.2,48.16 2 2
homework/internal/ports/http/handlers.go:48.16,51.3 2 1
homework/internal/ports/http/handlers.go:53.2,54.16 2 1
homework/internal/ports/http/handlers.go:54.16,57.3 2 0
homework/internal/ports/http/handlers.go:59.2,60.21 2 1
homework/internal/ports/http/handlers.go:63.72,67.18 3 2
homework/internal/ports/http/handlers.go:67.18,70.3 2 0
homework/internal/ports/http/handlers.go:72.2,73.16 2 2
homework/internal/ports/http/handlers.go:73.16,76.3 2 1
homework/internal/ports/http/handlers.go:78.2,78.30 1 1
homework/internal/ports/http/handlers.go:81.72,85.16 3 3
homework/internal/ports/http/handlers.go:85.16,88.3 2 0
homework/internal/ports/http/handlers.go:90.2,92.16 3 3
homework/internal/ports/http/handlers.go:92.16,95.3 2 1
homework/internal/ports/http/handlers.go:97.2,98.16 2 2
homework/internal/ports/http/handlers.go:98.16,101.3 2 1
homework/internal/ports/http/handlers.go:103.2,103.30 1 1
homework/internal/ports/http/handlers.go:110.77,118.2 4 7
homework/internal/ports/http/router.go:33.41,35.21 2 5
homework/internal/ports/http/router.go:35.21,37.3 1 1
homework/internal/ports/http/router.go:39.2,40.22 2 5
homework/internal/ports/http/router.go:40.22,42.3 1 1
homework/internal/ports/http/router.go:44.2,51.3 2 5
homework/internal/ports/http/router.go:54.44,57.36 2 5
homework/internal/ports/http/router.go:57.36,62.3 4 5
homework/internal/ports/http/router.go:64.2,69.3 1 5
homework/internal/app/app.go:27.42,31.2 1 4
homework/internal/app/app.go:33.79,35.2 1 1
homework/internal/app/app.go:37.69,39.2 1 1
homework/internal/app/app.go:41.63,43.2 1 1
homework/internal/app/app.go:45.69,47.2 1 1
homework/internal/errors/errors.go:11.50,13.2 1 1
homework/internal/errors/errors.go:15.76,19.2 1 1
homework/internal/errors/errors.go:25.40,27.2 1 1
homework/internal/errors/errors.go:29.56,33.2 1 1
